[0217/174841:ERROR:crash_report_database_win.cc(562)] CreateDirectory C:\Program Files (x86)\Easthas\Reports\Dump: Het systeem kan het opgegeven pad niet vinden. (0x3)
[0217/174841:ERROR:registration_protocol_win.cc(82)] TransactNamedPipe: De pipe is beëindigd. (0x6D)
[0217/174841:ERROR:crash_report_database_win.cc(562)] CreateDirectory C:\Program Files (x86)\Easthas\Reports\Dump: Het systeem kan het opgegeven pad niet vinden. (0x3)
[0218/065240:ERROR:crash_report_database_win.cc(562)] CreateDirectory C:\Program Files (x86)\Easthas\Reports\Dump: Het systeem kan het opgegeven pad niet vinden. (0x3)
[0218/065240:ERROR:registration_protocol_win.cc(82)] TransactNamedPipe: De pipe is beëindigd. (0x6D)
[0218/065240:ERROR:crash_report_database_win.cc(562)] CreateDirectory C:\Program Files (x86)\Easthas\Reports\Dump: Het systeem kan het opgegeven pad niet vinden. (0x3)
[0218/140339:ERROR:crash_report_database_win.cc(562)] CreateDirectory C:\Program Files (x86)\Easthas\Reports\Dump: Het systeem kan het opgegeven pad niet vinden. (0x3)
[0218/140339:ERROR:registration_protocol_win.cc(82)] TransactNamedPipe: De pipe is beëindigd. (0x6D)
[0218/140339:ERROR:crash_report_database_win.cc(562)] CreateDirectory C:\Program Files (x86)\Easthas\Reports\Dump: Het systeem kan het opgegeven pad niet vinden. (0x3)
[0219/080119:ERROR:crash_report_database_win.cc(562)] CreateDirectory C:\Program Files (x86)\Easthas\Reports\Dump: Het systeem kan het opgegeven pad niet vinden. (0x3)
[0219/080119:ERROR:registration_protocol_win.cc(82)] TransactNamedPipe: De pipe is beëindigd. (0x6D)
[0219/080119:ERROR:crash_report_database_win.cc(562)] CreateDirectory C:\Program Files (x86)\Easthas\Reports\Dump: Het systeem kan het opgegeven pad niet vinden. (0x3)
[0220/121005:ERROR:crash_report_database_win.cc(562)] CreateDirectory C:\Program Files (x86)\Easthas\Reports\Dump: Het systeem kan het opgegeven pad niet vinden. (0x3)
[0220/121005:ERROR:registration_protocol_win.cc(82)] TransactNamedPipe: De pipe is beëindigd. (0x6D)
[0220/121005:ERROR:crash_report_database_win.cc(562)] CreateDirectory C:\Program Files (x86)\Easthas\Reports\Dump: Het systeem kan het opgegeven pad niet vinden. (0x3)
[0221/073727:ERROR:crash_report_database_win.cc(562)] CreateDirectory C:\Program Files (x86)\Easthas\Reports\Dump: Het systeem kan het opgegeven pad niet vinden. (0x3)
[0221/073727:ERROR:registration_protocol_win.cc(82)] TransactNamedPipe: De pipe is beëindigd. (0x6D)
[0221/073727:ERROR:crash_report_database_win.cc(562)] CreateDirectory C:\Program Files (x86)\Easthas\Reports\Dump: Het systeem kan het opgegeven pad niet vinden. (0x3)
[0222/084525:ERROR:crash_report_database_win.cc(562)] CreateDirectory C:\Program Files (x86)\Easthas\Reports\Dump: Het systeem kan het opgegeven pad niet vinden. (0x3)
[0222/084525:ERROR:registration_protocol_win.cc(82)] TransactNamedPipe: De pipe is beëindigd. (0x6D)
[0222/084525:ERROR:crash_report_database_win.cc(562)] CreateDirectory C:\Program Files (x86)\Easthas\Reports\Dump: Het systeem kan het opgegeven pad niet vinden. (0x3)
[0222/100424:ERROR:crash_report_database_win.cc(562)] CreateDirectory C:\Program Files (x86)\Easthas\Reports\Dump: Het systeem kan het opgegeven pad niet vinden. (0x3)
[0222/100424:ERROR:registration_protocol_win.cc(82)] TransactNamedPipe: De pipe is beëindigd. (0x6D)
[0222/100424:ERROR:crash_report_database_win.cc(562)] CreateDirectory C:\Program Files (x86)\Easthas\Reports\Dump: Het systeem kan het opgegeven pad niet vinden. (0x3)
[0222/104505:ERROR:crash_report_database_win.cc(562)] CreateDirectory C:\Program Files (x86)\Easthas\Reports\Dump: Het systeem kan het opgegeven pad niet vinden. (0x3)
[0222/104505:ERROR:registration_protocol_win.cc(82)] TransactNamedPipe: De pipe is beëindigd. (0x6D)
[0222/104505:ERROR:crash_report_database_win.cc(562)] CreateDirectory C:\Program Files (x86)\Easthas\Reports\Dump: Het systeem kan het opgegeven pad niet vinden. (0x3)
[0222/120108:ERROR:crash_report_database_win.cc(562)] CreateDirectory C:\Program Files (x86)\Easthas\Reports\Dump: Het systeem kan het opgegeven pad niet vinden. (0x3)
[0222/120108:ERROR:registration_protocol_win.cc(82)] TransactNamedPipe: De pipe is beëindigd. (0x6D)
[0222/120108:ERROR:crash_report_database_win.cc(562)] CreateDirectory C:\Program Files (x86)\Easthas\Reports\Dump: Het systeem kan het opgegeven pad niet vinden. (0x3)
[0223/055727:ERROR:crash_report_database_win.cc(562)] CreateDirectory C:\Program Files (x86)\Easthas\Reports\Dump: Het systeem kan het opgegeven pad niet vinden. (0x3)
[0223/055727:ERROR:registration_protocol_win.cc(82)] TransactNamedPipe: De pipe is beëindigd. (0x6D)
[0223/055727:ERROR:crash_report_database_win.cc(562)] CreateDirectory C:\Program Files (x86)\Easthas\Reports\Dump: Het systeem kan het opgegeven pad niet vinden. (0x3)
[0223/100355:ERROR:crash_report_database_win.cc(562)] CreateDirectory C:\Program Files (x86)\Easthas\Reports\Dump: Het systeem kan het opgegeven pad niet vinden. (0x3)
[0223/100355:ERROR:registration_protocol_win.cc(82)] TransactNamedPipe: De pipe is beëindigd. (0x6D)
[0223/100355:ERROR:crash_report_database_win.cc(562)] CreateDirectory C:\Program Files (x86)\Easthas\Reports\Dump: Het systeem kan het opgegeven pad niet vinden. (0x3)
[0223/110758:ERROR:crash_report_database_win.cc(562)] CreateDirectory C:\Program Files (x86)\Easthas\Reports\Dump: Het systeem kan het opgegeven pad niet vinden. (0x3)
[0223/110758:ERROR:registration_protocol_win.cc(82)] TransactNamedPipe: De pipe is beëindigd. (0x6D)
[0223/110758:ERROR:crash_report_database_win.cc(562)] CreateDirectory C:\Program Files (x86)\Easthas\Reports\Dump: Het systeem kan het opgegeven pad niet vinden. (0x3)
[0223/110852:ERROR:crash_report_database_win.cc(562)] CreateDirectory C:\Program Files (x86)\Easthas\Reports\Dump: Het systeem kan het opgegeven pad niet vinden. (0x3)
[0223/110852:ERROR:registration_protocol_win.cc(82)] TransactNamedPipe: De pipe is beëindigd. (0x6D)
[0223/110852:ERROR:crash_report_database_win.cc(562)] CreateDirectory C:\Program Files (x86)\Easthas\Reports\Dump: Het systeem kan het opgegeven pad niet vinden. (0x3)
[0223/111207:ERROR:crash_report_database_win.cc(562)] CreateDirectory C:\Program Files (x86)\Easthas\Reports\Dump: Het systeem kan het opgegeven pad niet vinden. (0x3)
[0223/111207:ERROR:registration_protocol_win.cc(82)] TransactNamedPipe: De pipe is beëindigd. (0x6D)
[0223/111207:ERROR:crash_report_database_win.cc(562)] CreateDirectory C:\Program Files (x86)\Easthas\Reports\Dump: Het systeem kan het opgegeven pad niet vinden. (0x3)
[0223/194151:ERROR:crash_report_database_win.cc(562)] CreateDirectory C:\Program Files (x86)\Easthas\Reports\Dump: Het systeem kan het opgegeven pad niet vinden. (0x3)
[0223/194151:ERROR:registration_protocol_win.cc(82)] TransactNamedPipe: De pipe is beëindigd. (0x6D)
[0223/194151:ERROR:crash_report_database_win.cc(562)] CreateDirectory C:\Program Files (x86)\Easthas\Reports\Dump: Het systeem kan het opgegeven pad niet vinden. (0x3)
[0225/052335:ERROR:crash_report_database_win.cc(562)] CreateDirectory C:\Program Files (x86)\Easthas\Reports\Dump: Het systeem kan het opgegeven pad niet vinden. (0x3)
[0225/052335:ERROR:registration_protocol_win.cc(82)] TransactNamedPipe: De pipe is beëindigd. (0x6D)
[0225/052335:ERROR:crash_report_database_win.cc(562)] CreateDirectory C:\Program Files (x86)\Easthas\Reports\Dump: Het systeem kan het opgegeven pad niet vinden. (0x3)
[0225/131712:ERROR:crash_report_database_win.cc(562)] CreateDirectory C:\Program Files (x86)\Easthas\Reports\Dump: Het systeem kan het opgegeven pad niet vinden. (0x3)
[0225/131712:ERROR:registration_protocol_win.cc(82)] TransactNamedPipe: De pipe is beëindigd. (0x6D)
[0225/131712:ERROR:crash_report_database_win.cc(562)] CreateDirectory C:\Program Files (x86)\Easthas\Reports\Dump: Het systeem kan het opgegeven pad niet vinden. (0x3)
[0227/051853:ERROR:crash_report_database_win.cc(562)] CreateDirectory C:\Program Files (x86)\Easthas\Reports\Dump: Het systeem kan het opgegeven pad niet vinden. (0x3)
[0227/051853:ERROR:registration_protocol_win.cc(82)] TransactNamedPipe: De pipe is beëindigd. (0x6D)
[0227/051853:ERROR:crash_report_database_win.cc(562)] CreateDirectory C:\Program Files (x86)\Easthas\Reports\Dump: Het systeem kan het opgegeven pad niet vinden. (0x3)
[0227/152453:ERROR:crash_report_database_win.cc(562)] CreateDirectory C:\Program Files (x86)\Easthas\Reports\Dump: Het systeem kan het opgegeven pad niet vinden. (0x3)
[0227/152453:ERROR:registration_protocol_win.cc(82)] TransactNamedPipe: De pipe is beëindigd. (0x6D)
[0227/152453:ERROR:crash_report_database_win.cc(562)] CreateDirectory C:\Program Files (x86)\Easthas\Reports\Dump: Het systeem kan het opgegeven pad niet vinden. (0x3)
[0227/153938.159:ERROR:crash_report_database_win.cc(563)] CreateDirectory C:\Program Files (x86)\Easthas\Reports\Dump: Het systeem kan het opgegeven pad niet vinden. (0x3)
[0227/153938.190:ERROR:registration_protocol_win.cc(84)] TransactNamedPipe: De pipe is beëindigd. (0x6D)
[0227/153938.190:ERROR:crash_report_database_win.cc(563)] CreateDirectory C:\Program Files (x86)\Easthas\Reports\Dump: Het systeem kan het opgegeven pad niet vinden. (0x3)
[0227/153938.268:ERROR:crashpad_client_win.cc(660)] crash server failed to launch, no dump captured
[0228/135621.327:ERROR:crash_report_database_win.cc(563)] CreateDirectory C:\Program Files (x86)\reports: Toegang geweigerd. (0x5)
[0228/135621.365:ERROR:registration_protocol_win.cc(84)] TransactNamedPipe: De pipe is beëindigd. (0x6D)
[0228/135621.367:ERROR:crash_report_database_win.cc(563)] CreateDirectory C:\Program Files (x86)\reports: Toegang geweigerd. (0x5)
[0228/135622.658:ERROR:crashpad_client_win.cc(660)] crash server failed to launch, no dump captured
[0228/151745.125:ERROR:crash_report_database_win.cc(563)] CreateDirectory C:\Program Files (x86)\reports: Toegang geweigerd. (0x5)
[0228/151745.144:ERROR:registration_protocol_win.cc(84)] TransactNamedPipe: De pipe is beëindigd. (0x6D)
[0228/151745.146:ERROR:crash_report_database_win.cc(563)] CreateDirectory C:\Program Files (x86)\reports: Toegang geweigerd. (0x5)
[0228/151745.210:ERROR:crashpad_client_win.cc(660)] crash server failed to launch, no dump captured
[0301/154344.008:ERROR:crash_report_database_win.cc(563)] CreateDirectory C:\Program Files (x86)\reports: Toegang geweigerd. (0x5)
[0301/154344.026:ERROR:registration_protocol_win.cc(84)] TransactNamedPipe: De pipe is beëindigd. (0x6D)
[0301/154344.027:ERROR:crash_report_database_win.cc(563)] CreateDirectory C:\Program Files (x86)\reports: Toegang geweigerd. (0x5)
[0301/154345.101:ERROR:crashpad_client_win.cc(660)] crash server failed to launch, no dump captured
[0302/063029.681:ERROR:crash_report_database_win.cc(563)] CreateDirectory C:\Program Files (x86)\reports: Toegang geweigerd. (0x5)
[0302/063029.712:ERROR:registration_protocol_win.cc(84)] TransactNamedPipe: De pipe is beëindigd. (0x6D)
[0302/063029.712:ERROR:crash_report_database_win.cc(563)] CreateDirectory C:\Program Files (x86)\reports: Toegang geweigerd. (0x5)
[0302/063030.944:ERROR:crashpad_client_win.cc(660)] crash server failed to launch, no dump captured
[0302/135955.364:ERROR:crash_report_database_win.cc(563)] CreateDirectory C:\Program Files (x86)\reports: Toegang geweigerd. (0x5)
[0302/135955.386:ERROR:registration_protocol_win.cc(84)] TransactNamedPipe: De pipe is beëindigd. (0x6D)
[0302/135955.389:ERROR:crash_report_database_win.cc(563)] CreateDirectory C:\Program Files (x86)\reports: Toegang geweigerd. (0x5)
[0302/135955.438:ERROR:crashpad_client_win.cc(660)] crash server failed to launch, no dump captured
[0303/063314.910:ERROR:file_io_win.cc(163)] CreateFile C:\Program Files (x86)\settings.dat: Toegang geweigerd. (0x5)
[0303/063315.003:ERROR:registration_protocol_win.cc(84)] TransactNamedPipe: De pipe is beëindigd. (0x6D)
[0303/063315.019:ERROR:file_io_win.cc(163)] CreateFile C:\Program Files (x86)\settings.dat: Toegang geweigerd. (0x5)
[0303/063316.829:ERROR:crashpad_client_win.cc(660)] crash server failed to launch, no dump captured
[0303/150836.928:ERROR:file_io_win.cc(163)] CreateFile C:\Program Files (x86)\settings.dat: Toegang geweigerd. (0x5)
[0303/150836.954:ERROR:registration_protocol_win.cc(84)] TransactNamedPipe: De pipe is beëindigd. (0x6D)
[0303/150836.956:ERROR:file_io_win.cc(163)] CreateFile C:\Program Files (x86)\settings.dat: Toegang geweigerd. (0x5)
[0303/150837.015:ERROR:crashpad_client_win.cc(660)] crash server failed to launch, no dump captured
[0303/182444.105:ERROR:file_io_win.cc(163)] CreateFile C:\Program Files (x86)\settings.dat: Toegang geweigerd. (0x5)
[0303/182444.127:ERROR:registration_protocol_win.cc(84)] TransactNamedPipe: De pipe is beëindigd. (0x6D)
[0303/182444.129:ERROR:file_io_win.cc(163)] CreateFile C:\Program Files (x86)\settings.dat: Toegang geweigerd. (0x5)
[0303/182444.188:ERROR:crashpad_client_win.cc(660)] crash server failed to launch, no dump captured
[0304/080357.171:ERROR:file_io_win.cc(163)] CreateFile C:\Program Files (x86)\settings.dat: Toegang geweigerd. (0x5)
[0304/080357.241:ERROR:registration_protocol_win.cc(84)] TransactNamedPipe: De pipe is beëindigd. (0x6D)
[0304/080357.243:ERROR:file_io_win.cc(163)] CreateFile C:\Program Files (x86)\settings.dat: Toegang geweigerd. (0x5)
[0304/080358.889:ERROR:crashpad_client_win.cc(660)] crash server failed to launch, no dump captured
[0304/080408.046:ERROR:file_io_win.cc(163)] CreateFile C:\Program Files (x86)\settings.dat: Toegang geweigerd. (0x5)
[0304/080408.059:ERROR:registration_protocol_win.cc(84)] TransactNamedPipe: De pipe is beëindigd. (0x6D)
[0304/080408.060:ERROR:file_io_win.cc(163)] CreateFile C:\Program Files (x86)\settings.dat: Toegang geweigerd. (0x5)
[0304/080409.276:ERROR:crashpad_client_win.cc(660)] crash server failed to launch, no dump captured
[0304/163429.081:ERROR:file_io_win.cc(163)] CreateFile C:\Program Files (x86)\settings.dat: Toegang geweigerd. (0x5)
[0304/163429.096:ERROR:registration_protocol_win.cc(84)] TransactNamedPipe: De pipe is beëindigd. (0x6D)
[0304/163429.118:ERROR:file_io_win.cc(163)] CreateFile C:\Program Files (x86)\settings.dat: Toegang geweigerd. (0x5)
[0304/163430.301:ERROR:crashpad_client_win.cc(660)] crash server failed to launch, no dump captured
[0304/183320.027:ERROR:file_io_win.cc(163)] CreateFile C:\Program Files (x86)\settings.dat: Toegang geweigerd. (0x5)
[0304/183320.045:ERROR:registration_protocol_win.cc(84)] TransactNamedPipe: De pipe is beëindigd. (0x6D)
[0304/183320.046:ERROR:file_io_win.cc(163)] CreateFile C:\Program Files (x86)\settings.dat: Toegang geweigerd. (0x5)
[0304/183320.126:ERROR:crashpad_client_win.cc(660)] crash server failed to launch, no dump captured
[0306/135309.606:ERROR:file_io_win.cc(163)] CreateFile C:\Program Files (x86)\settings.dat: Toegang geweigerd. (0x5)
[0306/135309.637:ERROR:registration_protocol_win.cc(84)] TransactNamedPipe: De pipe is beëindigd. (0x6D)
[0306/135309.638:ERROR:file_io_win.cc(163)] CreateFile C:\Program Files (x86)\settings.dat: Toegang geweigerd. (0x5)
[0306/135310.040:ERROR:crashpad_client_win.cc(660)] crash server failed to launch, no dump captured
[0306/164602.674:ERROR:file_io_win.cc(163)] CreateFile C:\Program Files (x86)\settings.dat: Toegang geweigerd. (0x5)
[0306/164602.693:ERROR:registration_protocol_win.cc(84)] TransactNamedPipe: De pipe is beëindigd. (0x6D)
[0306/164602.694:ERROR:file_io_win.cc(163)] CreateFile C:\Program Files (x86)\settings.dat: Toegang geweigerd. (0x5)
[0306/164602.759:ERROR:crashpad_client_win.cc(660)] crash server failed to launch, no dump captured
[0306/182243.736:ERROR:file_io_win.cc(163)] CreateFile C:\Program Files (x86)\settings.dat: Toegang geweigerd. (0x5)
[0306/182243.752:ERROR:registration_protocol_win.cc(84)] TransactNamedPipe: De pipe is beëindigd. (0x6D)
[0306/182243.752:ERROR:file_io_win.cc(163)] CreateFile C:\Program Files (x86)\settings.dat: Toegang geweigerd. (0x5)
[0306/182243.814:ERROR:crashpad_client_win.cc(660)] crash server failed to launch, no dump captured
[0307/051715.057:ERROR:file_io_win.cc(163)] CreateFile C:\Program Files (x86)\settings.dat: Toegang geweigerd. (0x5)
[0307/051715.135:ERROR:registration_protocol_win.cc(84)] TransactNamedPipe: De pipe is beëindigd. (0x6D)
[0307/051715.135:ERROR:file_io_win.cc(163)] CreateFile C:\Program Files (x86)\settings.dat: Toegang geweigerd. (0x5)
[0307/051716.742:ERROR:crashpad_client_win.cc(660)] crash server failed to launch, no dump captured
[0307/135730.672:ERROR:file_io_win.cc(163)] CreateFile C:\Program Files (x86)\settings.dat: Toegang geweigerd. (0x5)
[0307/135730.719:ERROR:registration_protocol_win.cc(84)] TransactNamedPipe: De pipe is beëindigd. (0x6D)
[0307/135730.719:ERROR:file_io_win.cc(163)] CreateFile C:\Program Files (x86)\settings.dat: Toegang geweigerd. (0x5)
[0307/135730.782:ERROR:crashpad_client_win.cc(660)] crash server failed to launch, no dump captured
[0307/151836.011:ERROR:file_io_win.cc(163)] CreateFile C:\Program Files (x86)\settings.dat: Toegang geweigerd. (0x5)
[0307/151836.026:ERROR:registration_protocol_win.cc(84)] TransactNamedPipe: De pipe is beëindigd. (0x6D)
[0307/151836.026:ERROR:file_io_win.cc(163)] CreateFile C:\Program Files (x86)\settings.dat: Toegang geweigerd. (0x5)
[0307/151836.089:ERROR:crashpad_client_win.cc(660)] crash server failed to launch, no dump captured
[0308/051602.704:ERROR:file_io_win.cc(163)] CreateFile C:\Program Files (x86)\settings.dat: Toegang geweigerd. (0x5)
[0308/051602.807:ERROR:registration_protocol_win.cc(84)] TransactNamedPipe: De pipe is beëindigd. (0x6D)
[0308/051602.810:ERROR:file_io_win.cc(163)] CreateFile C:\Program Files (x86)\settings.dat: Toegang geweigerd. (0x5)
[0308/051604.148:ERROR:crashpad_client_win.cc(660)] crash server failed to launch, no dump captured
[0308/130144.396:ERROR:file_io_win.cc(163)] CreateFile C:\Program Files (x86)\settings.dat: Toegang geweigerd. (0x5)
[0308/130144.646:ERROR:registration_protocol_win.cc(84)] TransactNamedPipe: De pipe is beëindigd. (0x6D)
[0308/130144.646:ERROR:file_io_win.cc(163)] CreateFile C:\Program Files (x86)\settings.dat: Toegang geweigerd. (0x5)
[0308/130145.457:ERROR:crashpad_client_win.cc(660)] crash server failed to launch, no dump captured
[0308/174311.306:ERROR:file_io_win.cc(163)] CreateFile C:\Program Files (x86)\settings.dat: Toegang geweigerd. (0x5)
[0309/051145.568:ERROR:file_io_win.cc(163)] CreateFile C:\Program Files (x86)\settings.dat: Toegang geweigerd. (0x5)
[0309/051145.615:ERROR:registration_protocol_win.cc(84)] TransactNamedPipe: De pipe is beëindigd. (0x6D)
[0309/051145.615:ERROR:file_io_win.cc(163)] CreateFile C:\Program Files (x86)\settings.dat: Toegang geweigerd. (0x5)
[0309/051146.473:ERROR:crashpad_client_win.cc(660)] crash server failed to launch, no dump captured
[0309/135544.611:ERROR:file_io_win.cc(163)] CreateFile C:\Program Files (x86)\settings.dat: Toegang geweigerd. (0x5)
[0310/051708.362:ERROR:file_io_win.cc(163)] CreateFile C:\Program Files (x86)\settings.dat: Toegang geweigerd. (0x5)
[0310/051708.409:ERROR:registration_protocol_win.cc(84)] TransactNamedPipe: De pipe is beëindigd. (0x6D)
[0310/051708.409:ERROR:file_io_win.cc(163)] CreateFile C:\Program Files (x86)\settings.dat: Toegang geweigerd. (0x5)
[0310/051709.345:ERROR:crashpad_client_win.cc(660)] crash server failed to launch, no dump captured
[0310/130356.655:ERROR:file_io_win.cc(163)] CreateFile C:\Program Files (x86)\settings.dat: Toegang geweigerd. (0x5)
[0310/173032.778:ERROR:file_io_win.cc(163)] CreateFile C:\Program Files (x86)\settings.dat: Toegang geweigerd. (0x5)
[0310/173032.797:ERROR:registration_protocol_win.cc(84)] TransactNamedPipe: De pipe is beëindigd. (0x6D)
[0310/173032.799:ERROR:file_io_win.cc(163)] CreateFile C:\Program Files (x86)\settings.dat: Toegang geweigerd. (0x5)
[0310/173032.855:ERROR:crashpad_client_win.cc(660)] crash server failed to launch, no dump captured
[0310/173049.923:ERROR:file_io_win.cc(163)] CreateFile C:\Program Files (x86)\settings.dat: Toegang geweigerd. (0x5)
[0310/173049.936:ERROR:registration_protocol_win.cc(84)] TransactNamedPipe: De pipe is beëindigd. (0x6D)
[0310/173049.937:ERROR:file_io_win.cc(163)] CreateFile C:\Program Files (x86)\settings.dat: Toegang geweigerd. (0x5)
[0310/173049.986:ERROR:crashpad_client_win.cc(660)] crash server failed to launch, no dump captured
[0310/173100.314:ERROR:file_io_win.cc(163)] CreateFile C:\Program Files (x86)\settings.dat: Toegang geweigerd. (0x5)
[0310/173100.334:ERROR:registration_protocol_win.cc(84)] TransactNamedPipe: De pipe is beëindigd. (0x6D)
[0310/173100.338:ERROR:file_io_win.cc(163)] CreateFile C:\Program Files (x86)\settings.dat: Toegang geweigerd. (0x5)
[0310/173100.403:ERROR:crashpad_client_win.cc(660)] crash server failed to launch, no dump captured
[0311/045106.060:ERROR:file_io_win.cc(163)] CreateFile C:\Program Files (x86)\settings.dat: Toegang geweigerd. (0x5)
[0311/045106.232:ERROR:registration_protocol_win.cc(84)] TransactNamedPipe: De pipe is beëindigd. (0x6D)
[0311/045106.232:ERROR:file_io_win.cc(163)] CreateFile C:\Program Files (x86)\settings.dat: Toegang geweigerd. (0x5)
[0311/045108.837:ERROR:crashpad_client_win.cc(660)] crash server failed to launch, no dump captured
[0311/124530.974:ERROR:file_io_win.cc(163)] CreateFile C:\Program Files (x86)\settings.dat: Toegang geweigerd. (0x5)
[0311/124530.989:ERROR:registration_protocol_win.cc(84)] TransactNamedPipe: De pipe is beëindigd. (0x6D)
[0311/124530.989:ERROR:file_io_win.cc(163)] CreateFile C:\Program Files (x86)\settings.dat: Toegang geweigerd. (0x5)
[0311/124531.208:ERROR:crashpad_client_win.cc(660)] crash server failed to launch, no dump captured
[0311/160022.853:ERROR:file_io_win.cc(163)] CreateFile C:\Program Files (x86)\settings.dat: Toegang geweigerd. (0x5)
[0311/160022.869:ERROR:registration_protocol_win.cc(84)] TransactNamedPipe: De pipe is beëindigd. (0x6D)
[0311/160022.869:ERROR:file_io_win.cc(163)] CreateFile C:\Program Files (x86)\settings.dat: Toegang geweigerd. (0x5)
[0311/160022.931:ERROR:crashpad_client_win.cc(660)] crash server failed to launch, no dump captured
[0312/050338.410:ERROR:file_io_win.cc(163)] CreateFile C:\Program Files (x86)\settings.dat: Toegang geweigerd. (0x5)
[0312/050338.644:ERROR:registration_protocol_win.cc(84)] TransactNamedPipe: De pipe is beëindigd. (0x6D)
[0312/050338.675:ERROR:file_io_win.cc(163)] CreateFile C:\Program Files (x86)\settings.dat: Toegang geweigerd. (0x5)
[0312/050340.266:ERROR:crashpad_client_win.cc(660)] crash server failed to launch, no dump captured
[0313/125106.973:ERROR:file_io_win.cc(163)] CreateFile C:\Program Files (x86)\settings.dat: Toegang geweigerd. (0x5)
[0313/125107.223:ERROR:registration_protocol_win.cc(84)] TransactNamedPipe: De pipe is beëindigd. (0x6D)
[0313/125107.223:ERROR:file_io_win.cc(163)] CreateFile C:\Program Files (x86)\settings.dat: Toegang geweigerd. (0x5)
[0313/125108.689:ERROR:crashpad_client_win.cc(660)] crash server failed to launch, no dump captured
[0313/135622.612:ERROR:file_io_win.cc(163)] CreateFile C:\Program Files (x86)\settings.dat: Toegang geweigerd. (0x5)
[0314/052716.476:ERROR:file_io_win.cc(163)] CreateFile C:\Program Files (x86)\settings.dat: Toegang geweigerd. (0x5)
[0314/052716.523:ERROR:registration_protocol_win.cc(84)] TransactNamedPipe: De pipe is beëindigd. (0x6D)
[0314/052716.523:ERROR:file_io_win.cc(163)] CreateFile C:\Program Files (x86)\settings.dat: Toegang geweigerd. (0x5)
[0314/124632.170:ERROR:file_io_win.cc(163)] CreateFile C:\Program Files (x86)\settings.dat: Toegang geweigerd. (0x5)
[0314/135731.641:ERROR:file_io_win.cc(163)] CreateFile C:\Program Files (x86)\settings.dat: Toegang geweigerd. (0x5)
[0314/135731.672:ERROR:registration_protocol_win.cc(84)] TransactNamedPipe: De pipe is beëindigd. (0x6D)
[0314/135731.672:ERROR:file_io_win.cc(163)] CreateFile C:\Program Files (x86)\settings.dat: Toegang geweigerd. (0x5)
[0314/135731.750:ERROR:crashpad_client_win.cc(660)] crash server failed to launch, no dump captured
[0314/161637.693:ERROR:file_io_win.cc(163)] CreateFile C:\Program Files (x86)\settings.dat: Toegang geweigerd. (0x5)
[0314/161637.740:ERROR:registration_protocol_win.cc(84)] TransactNamedPipe: De pipe is beëindigd. (0x6D)
[0314/161637.740:ERROR:file_io_win.cc(163)] CreateFile C:\Program Files (x86)\settings.dat: Toegang geweigerd. (0x5)
[0314/161637.958:ERROR:crashpad_client_win.cc(660)] crash server failed to launch, no dump captured
[0315/045703.068:ERROR:file_io_win.cc(163)] CreateFile C:\Program Files (x86)\settings.dat: Toegang geweigerd. (0x5)
[0315/045703.333:ERROR:registration_protocol_win.cc(84)] TransactNamedPipe: De pipe is beëindigd. (0x6D)
[0315/045703.395:ERROR:file_io_win.cc(163)] CreateFile C:\Program Files (x86)\settings.dat: Toegang geweigerd. (0x5)
[0315/045705.798:ERROR:crashpad_client_win.cc(660)] crash server failed to launch, no dump captured
[0315/132907.140:ERROR:file_io_win.cc(163)] CreateFile C:\Program Files (x86)\settings.dat: Toegang geweigerd. (0x5)
[0315/132907.160:ERROR:registration_protocol_win.cc(84)] TransactNamedPipe: De pipe is beëindigd. (0x6D)
[0315/132907.162:ERROR:file_io_win.cc(163)] CreateFile C:\Program Files (x86)\settings.dat: Toegang geweigerd. (0x5)
[0315/132907.217:ERROR:crashpad_client_win.cc(660)] crash server failed to launch, no dump captured
[0315/132913.071:ERROR:file_io_win.cc(163)] CreateFile C:\Program Files (x86)\settings.dat: Toegang geweigerd. (0x5)
[0318/080043.993:ERROR:file_io_win.cc(163)] CreateFile C:\Program Files (x86)\settings.dat: Toegang geweigerd. (0x5)
[0318/080044.024:ERROR:registration_protocol_win.cc(84)] TransactNamedPipe: De pipe is beëindigd. (0x6D)
[0318/080044.024:ERROR:file_io_win.cc(163)] CreateFile C:\Program Files (x86)\settings.dat: Toegang geweigerd. (0x5)
[0318/080044.087:ERROR:crashpad_client_win.cc(660)] crash server failed to launch, no dump captured
[0318/081525.195:ERROR:file_io_win.cc(163)] CreateFile C:\Program Files (x86)\settings.dat: Toegang geweigerd. (0x5)
[0318/081525.445:ERROR:registration_protocol_win.cc(84)] TransactNamedPipe: De pipe is beëindigd. (0x6D)
[0318/081525.445:ERROR:file_io_win.cc(163)] CreateFile C:\Program Files (x86)\settings.dat: Toegang geweigerd. (0x5)
[0318/081525.538:ERROR:crashpad_client_win.cc(660)] crash server failed to launch, no dump captured
[0318/141626.736:ERROR:file_io_win.cc(163)] CreateFile C:\Program Files (x86)\settings.dat: Toegang geweigerd. (0x5)
[0318/155004.719:ERROR:file_io_win.cc(163)] CreateFile C:\Program Files (x86)\settings.dat: Toegang geweigerd. (0x5)
[0318/155004.748:ERROR:registration_protocol_win.cc(84)] TransactNamedPipe: De pipe is beëindigd. (0x6D)
[0318/155004.750:ERROR:file_io_win.cc(163)] CreateFile C:\Program Files (x86)\settings.dat: Toegang geweigerd. (0x5)
[0318/155004.804:ERROR:crashpad_client_win.cc(660)] crash server failed to launch, no dump captured
